<?xml version="1.0" encoding="UTF-8"?>
<!-- Generated by org.testng.reporters.JUnitXMLReporter -->
<testsuite ignored="0" hostname="DESKTOP-1AMUFBN" failures="0" tests="3" name="Test" time="0.092" errors="0" timestamp="2022-07-23T22:56:20 ICT">
  <testcase classname="com.bank.user.Level_10_Switch_Page" name="@BeforeTest beforeTest" time="-1.658591779998E9">
    <failure type="org.testng.TestNGException" message="
Parameter &amp;apos;browser&amp;apos; is required by BeforeTest on method beforeTest but has not been marked @Optional or defined
in C:\Users\Admin\Documents\Evotek\LmsProject\testng.xml">
      <![CDATA[org.testng.TestNGException: 
Parameter 'browser' is required by BeforeTest on method beforeTest but has not been marked @Optional or defined
in C:\Users\Admin\Documents\Evotek\LmsProject\testng.xml
... Removed 21 stack frames]]>
    </failure>
  </testcase> <!-- @BeforeTest beforeTest -->
  <testcase classname="com.bank.user.Level_10_Switch_Page" name="@AfterTest afterTest" time="-1.65859178008E9">
    <skipped/>
  </testcase> <!-- @AfterTest afterTest -->
  <testcase classname="com.bank.user.Level_10_Switch_Page" name="TC_01_Register_To_System" time="0.0">
    <skipped/>
  </testcase> <!-- TC_01_Register_To_System -->
  <testcase classname="com.bank.user.Level_10_Switch_Page" name="TC_02_Login_To_System" time="0.0">
    <skipped/>
  </testcase> <!-- TC_02_Login_To_System -->
  <testcase classname="com.bank.user.Level_10_Switch_Page" name="TC_04_Log_Out_To_System" time="0.0">
    <skipped/>
  </testcase> <!-- TC_04_Log_Out_To_System -->
</testsuite> <!-- Test -->
